         1 00000000 00000297 x05 (t0) <= 0x00000000
         2 00000004 04028293 x05 (t0) <= 0x00000040
         3 00000008 30529073 x00 (zero) <= 0x00000000
         4 0000000c 3050e073 x00 (zero) <= 0x00000040
         5 00000010 00020297 x05 (t0) <= 0x00020010
         6 00000014 00028293 x05 (t0) <= 0x00020010
         7 00000018 00020317 x06 (t1) <= 0x00020018
         8 0000001c ffc30313 x06 (t1) <= 0x00020014
         9 00000020 0002a023 write 0x00020010 <= 0x00000000
        10 00000024 00428293 x05 (t0) <= 0x00020014
        11 00000028 fe62ece3
        12 0000002c 00040117 x02 (sp) <= 0x0004002c
        13 00000030 fd410113 x02 (sp) <= 0x00040000
        14 00000034 008000ef x01 (ra) <= 0x00000038
        17 0000003c 00030313 x06 (t1) <= 0x00020014
        18 0000003e 00000013 x00 (zero) <= 0x00000000
        21 00000040 0400006f x00 (zero) <= 0x00000044
        24 00000080 fb010113 x02 (sp) <= 0x0003ffb0
        25 00000084 04112623 write 0x0003fffc <= 0x00000038
        26 00000088 04512423 write 0x0003fff8 <= 0x00020014
        27 0000008c 04612223 write 0x0003fff4 <= 0x00020014
        28 00000090 04712023 write 0x0003fff0 <= 0x00000000
        29 00000094 02812e23 write 0x0003ffec <= 0x00000000
        30 00000098 02a12c23 write 0x0003ffe8 <= 0x00000000
        31 0000009c 02b12a23 write 0x0003ffe4 <= 0x00000000
        32 000000a0 02c12823 write 0x0003ffe0 <= 0x00000000
        33 000000a4 02d12623 write 0x0003ffdc <= 0x00000000
        34 000000a8 02e12423 write 0x0003ffd8 <= 0x00000000
        35 000000ac 02f12223 write 0x0003ffd4 <= 0x00000000
        36 000000b0 03012023 write 0x0003ffd0 <= 0x00000000
        37 000000b4 01112e23 write 0x0003ffcc <= 0x00000000
        38 000000b8 01c12c23 write 0x0003ffc8 <= 0x00000000
        39 000000bc 01d12a23 write 0x0003ffc4 <= 0x00000000
        40 000000c0 01e12823 write 0x0003ffc0 <= 0x00000000
        41 000000c4 01f12623 write 0x0003ffbc <= 0x00000000
        42 000000c8 05010413 x08 (s0(fp)) <= 0x00040000
        43 000000cc 00000793 x15 (a5) <= 0x00000000
        44 000000d0 00078863
        47 000000e0 34102f73 x30 (t5) <= 0x0000003e
        48 000000e4 004f0f13 x30 (t5) <= 0x00000042
        49 000000e8 341f1073 x00 (zero) <= 0x0000003e
        50 000000ec 04c12083 read 0x0003fffc, x01 (ra) <= 0x00000038
        51 000000f0 04812283 read 0x0003fff8, x05 (t0) <= 0x00020014
        52 000000f4 04412303 read 0x0003fff4, x06 (t1) <= 0x00020014
        53 000000f8 04012383 read 0x0003fff0, x07 (t2) <= 0x00000000
        54 000000fc 03c12403 read 0x0003ffec, x08 (s0(fp)) <= 0x00000000
        55 00000100 03812503 read 0x0003ffe8, x10 (a0) <= 0x00000000
        56 00000104 03412583 read 0x0003ffe4, x11 (a1) <= 0x00000000
        57 00000108 03012603 read 0x0003ffe0, x12 (a2) <= 0x00000000
        58 0000010c 02c12683 read 0x0003ffdc, x13 (a3) <= 0x00000000
        59 00000110 02812703 read 0x0003ffd8, x14 (a4) <= 0x00000000
        60 00000114 02412783 read 0x0003ffd4, x15 (a5) <= 0x00000000
        61 00000118 02012803 read 0x0003ffd0, x16 (a6) <= 0x00000000
        62 0000011c 01c12883 read 0x0003ffcc, x17 (a7) <= 0x00000000
        63 00000120 01812e03 read 0x0003ffc8, x28 (t3) <= 0x00000000
        64 00000124 01412e83 read 0x0003ffc4, x29 (t4) <= 0x00000000
        65 00000128 01012f03 read 0x0003ffc0, x30 (t5) <= 0x00000000
        66 0000012c 00c12f83 read 0x0003ffbc, x31 (t6) <= 0x00000000
        67 00000130 05010113 x02 (sp) <= 0x00040000
        68 00000134 30200073
        71 00000042 20010413 x08 (s0(fp)) <= 0x00040200
        74 00000040 0400006f x00 (zero) <= 0x00000044
        77 00000080 fb010113 x02 (sp) <= 0x0003ffb0
        78 00000084 04112623 write 0x0003fffc <= 0x00000038
        79 00000088 04512423 write 0x0003fff8 <= 0x00020014
        80 0000008c 04612223 write 0x0003fff4 <= 0x00020014
        81 00000090 04712023 write 0x0003fff0 <= 0x00000000
        82 00000094 02812e23 write 0x0003ffec <= 0x00040200
        83 00000098 02a12c23 write 0x0003ffe8 <= 0x00000000
        84 0000009c 02b12a23 write 0x0003ffe4 <= 0x00000000
        85 000000a0 02c12823 write 0x0003ffe0 <= 0x00000000
        86 000000a4 02d12623 write 0x0003ffdc <= 0x00000000
        87 000000a8 02e12423 write 0x0003ffd8 <= 0x00000000
        88 000000ac 02f12223 write 0x0003ffd4 <= 0x00000000
        89 000000b0 03012023 write 0x0003ffd0 <= 0x00000000
        90 000000b4 01112e23 write 0x0003ffcc <= 0x00000000
        91 000000b8 01c12c23 write 0x0003ffc8 <= 0x00000000
        92 000000bc 01d12a23 write 0x0003ffc4 <= 0x00000000
        93 000000c0 01e12823 write 0x0003ffc0 <= 0x00000000
        94 000000c4 01f12623 write 0x0003ffbc <= 0x00000000
        95 000000c8 05010413 x08 (s0(fp)) <= 0x00040000
        96 000000cc 00000793 x15 (a5) <= 0x00000000
        97 000000d0 00078863
       100 000000e0 34102f73 x30 (t5) <= 0x00000042
       101 000000e4 004f0f13 x30 (t5) <= 0x00000046
       102 000000e8 341f1073 x00 (zero) <= 0x00000042
       103 000000ec 04c12083 read 0x0003fffc, x01 (ra) <= 0x00000038
       104 000000f0 04812283 read 0x0003fff8, x05 (t0) <= 0x00020014
       105 000000f4 04412303 read 0x0003fff4, x06 (t1) <= 0x00020014
       106 000000f8 04012383 read 0x0003fff0, x07 (t2) <= 0x00000000
       107 000000fc 03c12403 read 0x0003ffec, x08 (s0(fp)) <= 0x00040200
       108 00000100 03812503 read 0x0003ffe8, x10 (a0) <= 0x00000000
       109 00000104 03412583 read 0x0003ffe4, x11 (a1) <= 0x00000000
       110 00000108 03012603 read 0x0003ffe0, x12 (a2) <= 0x00000000
       111 0000010c 02c12683 read 0x0003ffdc, x13 (a3) <= 0x00000000
       112 00000110 02812703 read 0x0003ffd8, x14 (a4) <= 0x00000000
       113 00000114 02412783 read 0x0003ffd4, x15 (a5) <= 0x00000000
       114 00000118 02012803 read 0x0003ffd0, x16 (a6) <= 0x00000000
       115 0000011c 01c12883 read 0x0003ffcc, x17 (a7) <= 0x00000000
       116 00000120 01812e03 read 0x0003ffc8, x28 (t3) <= 0x00000000
       117 00000124 01412e83 read 0x0003ffc4, x29 (t4) <= 0x00000000
       118 00000128 01012f03 read 0x0003ffc0, x30 (t5) <= 0x00000000
       119 0000012c 00c12f83 read 0x0003ffbc, x31 (t6) <= 0x00000000
       120 00000130 05010113 x02 (sp) <= 0x00040000
       121 00000134 30200073
       124 00000046 1c410413 x08 (s0(fp)) <= 0x000401c4
       127 00000040 0400006f x00 (zero) <= 0x00000044
       130 00000080 fb010113 x02 (sp) <= 0x0003ffb0
       131 00000084 04112623 write 0x0003fffc <= 0x00000038
       132 00000088 04512423 write 0x0003fff8 <= 0x00020014
       133 0000008c 04612223 write 0x0003fff4 <= 0x00020014
       134 00000090 04712023 write 0x0003fff0 <= 0x00000000
       135 00000094 02812e23 write 0x0003ffec <= 0x000401c4
       136 00000098 02a12c23 write 0x0003ffe8 <= 0x00000000
       137 0000009c 02b12a23 write 0x0003ffe4 <= 0x00000000
       138 000000a0 02c12823 write 0x0003ffe0 <= 0x00000000
       139 000000a4 02d12623 write 0x0003ffdc <= 0x00000000
       140 000000a8 02e12423 write 0x0003ffd8 <= 0x00000000
       141 000000ac 02f12223 write 0x0003ffd4 <= 0x00000000
       142 000000b0 03012023 write 0x0003ffd0 <= 0x00000000
       143 000000b4 01112e23 write 0x0003ffcc <= 0x00000000
       144 000000b8 01c12c23 write 0x0003ffc8 <= 0x00000000
       145 000000bc 01d12a23 write 0x0003ffc4 <= 0x00000000
       146 000000c0 01e12823 write 0x0003ffc0 <= 0x00000000
       147 000000c4 01f12623 write 0x0003ffbc <= 0x00000000
       148 000000c8 05010413 x08 (s0(fp)) <= 0x00040000
       149 000000cc 00000793 x15 (a5) <= 0x00000000
       150 000000d0 00078863
       153 000000e0 34102f73 x30 (t5) <= 0x00000046
       154 000000e4 004f0f13 x30 (t5) <= 0x0000004a
       155 000000e8 341f1073 x00 (zero) <= 0x00000046
       156 000000ec 04c12083 read 0x0003fffc, x01 (ra) <= 0x00000038
       157 000000f0 04812283 read 0x0003fff8, x05 (t0) <= 0x00020014
       158 000000f4 04412303 read 0x0003fff4, x06 (t1) <= 0x00020014
       159 000000f8 04012383 read 0x0003fff0, x07 (t2) <= 0x00000000
       160 000000fc 03c12403 read 0x0003ffec, x08 (s0(fp)) <= 0x000401c4
       161 00000100 03812503 read 0x0003ffe8, x10 (a0) <= 0x00000000
       162 00000104 03412583 read 0x0003ffe4, x11 (a1) <= 0x00000000
       163 00000108 03012603 read 0x0003ffe0, x12 (a2) <= 0x00000000
       164 0000010c 02c12683 read 0x0003ffdc, x13 (a3) <= 0x00000000
       165 00000110 02812703 read 0x0003ffd8, x14 (a4) <= 0x00000000
       166 00000114 02412783 read 0x0003ffd4, x15 (a5) <= 0x00000000
       167 00000118 02012803 read 0x0003ffd0, x16 (a6) <= 0x00000000
       168 0000011c 01c12883 read 0x0003ffcc, x17 (a7) <= 0x00000000
       169 00000120 01812e03 read 0x0003ffc8, x28 (t3) <= 0x00000000
       170 00000124 01412e83 read 0x0003ffc4, x29 (t4) <= 0x00000000
       171 00000128 01012f03 read 0x0003ffc0, x30 (t5) <= 0x00000000
       172 0000012c 00c12f83 read 0x0003ffbc, x31 (t6) <= 0x00000000
       173 00000130 05010113 x02 (sp) <= 0x00040000
       174 00000134 30200073
       177 0000004a 1c010413 x08 (s0(fp)) <= 0x000401c0
       180 00000040 0400006f x00 (zero) <= 0x00000044
       183 00000080 fb010113 x02 (sp) <= 0x0003ffb0
       184 00000084 04112623 write 0x0003fffc <= 0x00000038
       185 00000088 04512423 write 0x0003fff8 <= 0x00020014
       186 0000008c 04612223 write 0x0003fff4 <= 0x00020014
       187 00000090 04712023 write 0x0003fff0 <= 0x00000000
       188 00000094 02812e23 write 0x0003ffec <= 0x000401c0
       189 00000098 02a12c23 write 0x0003ffe8 <= 0x00000000
       190 0000009c 02b12a23 write 0x0003ffe4 <= 0x00000000
       191 000000a0 02c12823 write 0x0003ffe0 <= 0x00000000
       192 000000a4 02d12623 write 0x0003ffdc <= 0x00000000
       193 000000a8 02e12423 write 0x0003ffd8 <= 0x00000000
       194 000000ac 02f12223 write 0x0003ffd4 <= 0x00000000
       195 000000b0 03012023 write 0x0003ffd0 <= 0x00000000
       196 000000b4 01112e23 write 0x0003ffcc <= 0x00000000
       197 000000b8 01c12c23 write 0x0003ffc8 <= 0x00000000
       198 000000bc 01d12a23 write 0x0003ffc4 <= 0x00000000
       199 000000c0 01e12823 write 0x0003ffc0 <= 0x00000000
       200 000000c4 01f12623 write 0x0003ffbc <= 0x00000000
       201 000000c8 05010413 x08 (s0(fp)) <= 0x00040000
       202 000000cc 00000793 x15 (a5) <= 0x00000000
       203 000000d0 00078863
       206 000000e0 34102f73 x30 (t5) <= 0x0000004a
       207 000000e4 004f0f13 x30 (t5) <= 0x0000004e
       208 000000e8 341f1073 x00 (zero) <= 0x0000004a
       209 000000ec 04c12083 read 0x0003fffc, x01 (ra) <= 0x00000038
       210 000000f0 04812283 read 0x0003fff8, x05 (t0) <= 0x00020014
       211 000000f4 04412303 read 0x0003fff4, x06 (t1) <= 0x00020014
       212 000000f8 04012383 read 0x0003fff0, x07 (t2) <= 0x00000000
       213 000000fc 03c12403 read 0x0003ffec, x08 (s0(fp)) <= 0x000401c0
       214 00000100 03812503 read 0x0003ffe8, x10 (a0) <= 0x00000000
       215 00000104 03412583 read 0x0003ffe4, x11 (a1) <= 0x00000000
       216 00000108 03012603 read 0x0003ffe0, x12 (a2) <= 0x00000000
       217 0000010c 02c12683 read 0x0003ffdc, x13 (a3) <= 0x00000000
       218 00000110 02812703 read 0x0003ffd8, x14 (a4) <= 0x00000000
       219 00000114 02412783 read 0x0003ffd4, x15 (a5) <= 0x00000000
       220 00000118 02012803 read 0x0003ffd0, x16 (a6) <= 0x00000000
       221 0000011c 01c12883 read 0x0003ffcc, x17 (a7) <= 0x00000000
       222 00000120 01812e03 read 0x0003ffc8, x28 (t3) <= 0x00000000
       223 00000124 01412e83 read 0x0003ffc4, x29 (t4) <= 0x00000000
       224 00000128 01012f03 read 0x0003ffc0, x30 (t5) <= 0x00000000
       225 0000012c 00c12f83 read 0x0003ffbc, x31 (t6) <= 0x00000000
       226 00000130 05010113 x02 (sp) <= 0x00040000
       227 00000134 30200073
       230 0000004e 13410413 x08 (s0(fp)) <= 0x00040134
       233 00000040 0400006f x00 (zero) <= 0x00000044
       236 00000080 fb010113 x02 (sp) <= 0x0003ffb0
       237 00000084 04112623 write 0x0003fffc <= 0x00000038
       238 00000088 04512423 write 0x0003fff8 <= 0x00020014
       239 0000008c 04612223 write 0x0003fff4 <= 0x00020014
       240 00000090 04712023 write 0x0003fff0 <= 0x00000000
       241 00000094 02812e23 write 0x0003ffec <= 0x00040134
       242 00000098 02a12c23 write 0x0003ffe8 <= 0x00000000
       243 0000009c 02b12a23 write 0x0003ffe4 <= 0x00000000
       244 000000a0 02c12823 write 0x0003ffe0 <= 0x00000000
       245 000000a4 02d12623 write 0x0003ffdc <= 0x00000000
       246 000000a8 02e12423 write 0x0003ffd8 <= 0x00000000
       247 000000ac 02f12223 write 0x0003ffd4 <= 0x00000000
       248 000000b0 03012023 write 0x0003ffd0 <= 0x00000000
       249 000000b4 01112e23 write 0x0003ffcc <= 0x00000000
       250 000000b8 01c12c23 write 0x0003ffc8 <= 0x00000000
       251 000000bc 01d12a23 write 0x0003ffc4 <= 0x00000000
       252 000000c0 01e12823 write 0x0003ffc0 <= 0x00000000
       253 000000c4 01f12623 write 0x0003ffbc <= 0x00000000
       254 000000c8 05010413 x08 (s0(fp)) <= 0x00040000
       255 000000cc 00000793 x15 (a5) <= 0x00000000
       256 000000d0 00078863
       259 000000e0 34102f73 x30 (t5) <= 0x0000004e
       260 000000e4 004f0f13 x30 (t5) <= 0x00000052
       261 000000e8 341f1073 x00 (zero) <= 0x0000004e
       262 000000ec 04c12083 read 0x0003fffc, x01 (ra) <= 0x00000038
       263 000000f0 04812283 read 0x0003fff8, x05 (t0) <= 0x00020014
       264 000000f4 04412303 read 0x0003fff4, x06 (t1) <= 0x00020014
       265 000000f8 04012383 read 0x0003fff0, x07 (t2) <= 0x00000000
       266 000000fc 03c12403 read 0x0003ffec, x08 (s0(fp)) <= 0x00040134
       267 00000100 03812503 read 0x0003ffe8, x10 (a0) <= 0x00000000
       268 00000104 03412583 read 0x0003ffe4, x11 (a1) <= 0x00000000
       269 00000108 03012603 read 0x0003ffe0, x12 (a2) <= 0x00000000
       270 0000010c 02c12683 read 0x0003ffdc, x13 (a3) <= 0x00000000
       271 00000110 02812703 read 0x0003ffd8, x14 (a4) <= 0x00000000
       272 00000114 02412783 read 0x0003ffd4, x15 (a5) <= 0x00000000
       273 00000118 02012803 read 0x0003ffd0, x16 (a6) <= 0x00000000
       274 0000011c 01c12883 read 0x0003ffcc, x17 (a7) <= 0x00000000
       275 00000120 01812e03 read 0x0003ffc8, x28 (t3) <= 0x00000000
       276 00000124 01412e83 read 0x0003ffc4, x29 (t4) <= 0x00000000
       277 00000128 01012f03 read 0x0003ffc0, x30 (t5) <= 0x00000000
       278 0000012c 00c12f83 read 0x0003ffbc, x31 (t6) <= 0x00000000
       279 00000130 05010113 x02 (sp) <= 0x00040000
       280 00000134 30200073
       283 00000052 18010413 x08 (s0(fp)) <= 0x00040180
       286 00000040 0400006f x00 (zero) <= 0x00000044
       289 00000080 fb010113 x02 (sp) <= 0x0003ffb0
       290 00000084 04112623 write 0x0003fffc <= 0x00000038
       291 00000088 04512423 write 0x0003fff8 <= 0x00020014
       292 0000008c 04612223 write 0x0003fff4 <= 0x00020014
       293 00000090 04712023 write 0x0003fff0 <= 0x00000000
       294 00000094 02812e23 write 0x0003ffec <= 0x00040180
       295 00000098 02a12c23 write 0x0003ffe8 <= 0x00000000
       296 0000009c 02b12a23 write 0x0003ffe4 <= 0x00000000
       297 000000a0 02c12823 write 0x0003ffe0 <= 0x00000000
       298 000000a4 02d12623 write 0x0003ffdc <= 0x00000000
       299 000000a8 02e12423 write 0x0003ffd8 <= 0x00000000
       300 000000ac 02f12223 write 0x0003ffd4 <= 0x00000000
       301 000000b0 03012023 write 0x0003ffd0 <= 0x00000000
       302 000000b4 01112e23 write 0x0003ffcc <= 0x00000000
       303 000000b8 01c12c23 write 0x0003ffc8 <= 0x00000000
       304 000000bc 01d12a23 write 0x0003ffc4 <= 0x00000000
       305 000000c0 01e12823 write 0x0003ffc0 <= 0x00000000
       306 000000c4 01f12623 write 0x0003ffbc <= 0x00000000
       307 000000c8 05010413 x08 (s0(fp)) <= 0x00040000
       308 000000cc 00000793 x15 (a5) <= 0x00000000
       309 000000d0 00078863
       312 000000e0 34102f73 x30 (t5) <= 0x00000052
       313 000000e4 004f0f13 x30 (t5) <= 0x00000056
       314 000000e8 341f1073 x00 (zero) <= 0x00000052
       315 000000ec 04c12083 read 0x0003fffc, x01 (ra) <= 0x00000038
       316 000000f0 04812283 read 0x0003fff8, x05 (t0) <= 0x00020014
       317 000000f4 04412303 read 0x0003fff4, x06 (t1) <= 0x00020014
       318 000000f8 04012383 read 0x0003fff0, x07 (t2) <= 0x00000000
       319 000000fc 03c12403 read 0x0003ffec, x08 (s0(fp)) <= 0x00040180
       320 00000100 03812503 read 0x0003ffe8, x10 (a0) <= 0x00000000
       321 00000104 03412583 read 0x0003ffe4, x11 (a1) <= 0x00000000
       322 00000108 03012603 read 0x0003ffe0, x12 (a2) <= 0x00000000
       323 0000010c 02c12683 read 0x0003ffdc, x13 (a3) <= 0x00000000
       324 00000110 02812703 read 0x0003ffd8, x14 (a4) <= 0x00000000
       325 00000114 02412783 read 0x0003ffd4, x15 (a5) <= 0x00000000
       326 00000118 02012803 read 0x0003ffd0, x16 (a6) <= 0x00000000
       327 0000011c 01c12883 read 0x0003ffcc, x17 (a7) <= 0x00000000
       328 00000120 01812e03 read 0x0003ffc8, x28 (t3) <= 0x00000000
       329 00000124 01412e83 read 0x0003ffc4, x29 (t4) <= 0x00000000
       330 00000128 01012f03 read 0x0003ffc0, x30 (t5) <= 0x00000000
       331 0000012c 00c12f83 read 0x0003ffbc, x31 (t6) <= 0x00000000
       332 00000130 05010113 x02 (sp) <= 0x00040000
       333 00000134 30200073
       336 00000056 14410413 x08 (s0(fp)) <= 0x00040144
       339 00000040 0400006f x00 (zero) <= 0x00000044
       342 00000080 fb010113 x02 (sp) <= 0x0003ffb0
       343 00000084 04112623 write 0x0003fffc <= 0x00000038
       344 00000088 04512423 write 0x0003fff8 <= 0x00020014
       345 0000008c 04612223 write 0x0003fff4 <= 0x00020014
       346 00000090 04712023 write 0x0003fff0 <= 0x00000000
       347 00000094 02812e23 write 0x0003ffec <= 0x00040144
       348 00000098 02a12c23 write 0x0003ffe8 <= 0x00000000
       349 0000009c 02b12a23 write 0x0003ffe4 <= 0x00000000
       350 000000a0 02c12823 write 0x0003ffe0 <= 0x00000000
       351 000000a4 02d12623 write 0x0003ffdc <= 0x00000000
       352 000000a8 02e12423 write 0x0003ffd8 <= 0x00000000
       353 000000ac 02f12223 write 0x0003ffd4 <= 0x00000000
       354 000000b0 03012023 write 0x0003ffd0 <= 0x00000000
       355 000000b4 01112e23 write 0x0003ffcc <= 0x00000000
       356 000000b8 01c12c23 write 0x0003ffc8 <= 0x00000000
       357 000000bc 01d12a23 write 0x0003ffc4 <= 0x00000000
       358 000000c0 01e12823 write 0x0003ffc0 <= 0x00000000
       359 000000c4 01f12623 write 0x0003ffbc <= 0x00000000
       360 000000c8 05010413 x08 (s0(fp)) <= 0x00040000
       361 000000cc 00000793 x15 (a5) <= 0x00000000
       362 000000d0 00078863
       365 000000e0 34102f73 x30 (t5) <= 0x00000056
       366 000000e4 004f0f13 x30 (t5) <= 0x0000005a
       367 000000e8 341f1073 x00 (zero) <= 0x00000056
       368 000000ec 04c12083 read 0x0003fffc, x01 (ra) <= 0x00000038
       369 000000f0 04812283 read 0x0003fff8, x05 (t0) <= 0x00020014
       370 000000f4 04412303 read 0x0003fff4, x06 (t1) <= 0x00020014
       371 000000f8 04012383 read 0x0003fff0, x07 (t2) <= 0x00000000
       372 000000fc 03c12403 read 0x0003ffec, x08 (s0(fp)) <= 0x00040144
       373 00000100 03812503 read 0x0003ffe8, x10 (a0) <= 0x00000000
       374 00000104 03412583 read 0x0003ffe4, x11 (a1) <= 0x00000000
       375 00000108 03012603 read 0x0003ffe0, x12 (a2) <= 0x00000000
       376 0000010c 02c12683 read 0x0003ffdc, x13 (a3) <= 0x00000000
       377 00000110 02812703 read 0x0003ffd8, x14 (a4) <= 0x00000000
       378 00000114 02412783 read 0x0003ffd4, x15 (a5) <= 0x00000000
       379 00000118 02012803 read 0x0003ffd0, x16 (a6) <= 0x00000000
       380 0000011c 01c12883 read 0x0003ffcc, x17 (a7) <= 0x00000000
       381 00000120 01812e03 read 0x0003ffc8, x28 (t3) <= 0x00000000
       382 00000124 01412e83 read 0x0003ffc4, x29 (t4) <= 0x00000000
       383 00000128 01012f03 read 0x0003ffc0, x30 (t5) <= 0x00000000
       384 0000012c 00c12f83 read 0x0003ffbc, x31 (t6) <= 0x00000000
       385 00000130 05010113 x02 (sp) <= 0x00040000
       386 00000134 30200073
       389 0000005a 14010413 x08 (s0(fp)) <= 0x00040140
       392 00000040 0400006f x00 (zero) <= 0x00000044
       395 00000080 fb010113 x02 (sp) <= 0x0003ffb0
       396 00000084 04112623 write 0x0003fffc <= 0x00000038
       397 00000088 04512423 write 0x0003fff8 <= 0x00020014
       398 0000008c 04612223 write 0x0003fff4 <= 0x00020014
       399 00000090 04712023 write 0x0003fff0 <= 0x00000000
       400 00000094 02812e23 write 0x0003ffec <= 0x00040140
       401 00000098 02a12c23 write 0x0003ffe8 <= 0x00000000
       402 0000009c 02b12a23 write 0x0003ffe4 <= 0x00000000
       403 000000a0 02c12823 write 0x0003ffe0 <= 0x00000000
       404 000000a4 02d12623 write 0x0003ffdc <= 0x00000000
       405 000000a8 02e12423 write 0x0003ffd8 <= 0x00000000
       406 000000ac 02f12223 write 0x0003ffd4 <= 0x00000000
       407 000000b0 03012023 write 0x0003ffd0 <= 0x00000000
       408 000000b4 01112e23 write 0x0003ffcc <= 0x00000000
       409 000000b8 01c12c23 write 0x0003ffc8 <= 0x00000000
       410 000000bc 01d12a23 write 0x0003ffc4 <= 0x00000000
       411 000000c0 01e12823 write 0x0003ffc0 <= 0x00000000
       412 000000c4 01f12623 write 0x0003ffbc <= 0x00000000
       413 000000c8 05010413 x08 (s0(fp)) <= 0x00040000
       414 000000cc 00000793 x15 (a5) <= 0x00000000
       415 000000d0 00078863
       418 000000e0 34102f73 x30 (t5) <= 0x0000005a
       419 000000e4 004f0f13 x30 (t5) <= 0x0000005e
       420 000000e8 341f1073 x00 (zero) <= 0x0000005a
       421 000000ec 04c12083 read 0x0003fffc, x01 (ra) <= 0x00000038
       422 000000f0 04812283 read 0x0003fff8, x05 (t0) <= 0x00020014
       423 000000f4 04412303 read 0x0003fff4, x06 (t1) <= 0x00020014
       424 000000f8 04012383 read 0x0003fff0, x07 (t2) <= 0x00000000
       425 000000fc 03c12403 read 0x0003ffec, x08 (s0(fp)) <= 0x00040140
       426 00000100 03812503 read 0x0003ffe8, x10 (a0) <= 0x00000000
       427 00000104 03412583 read 0x0003ffe4, x11 (a1) <= 0x00000000
       428 00000108 03012603 read 0x0003ffe0, x12 (a2) <= 0x00000000
       429 0000010c 02c12683 read 0x0003ffdc, x13 (a3) <= 0x00000000
       430 00000110 02812703 read 0x0003ffd8, x14 (a4) <= 0x00000000
       431 00000114 02412783 read 0x0003ffd4, x15 (a5) <= 0x00000000
       432 00000118 02012803 read 0x0003ffd0, x16 (a6) <= 0x00000000
       433 0000011c 01c12883 read 0x0003ffcc, x17 (a7) <= 0x00000000
       434 00000120 01812e03 read 0x0003ffc8, x28 (t3) <= 0x00000000
       435 00000124 01412e83 read 0x0003ffc4, x29 (t4) <= 0x00000000
       436 00000128 01012f03 read 0x0003ffc0, x30 (t5) <= 0x00000000
       437 0000012c 00c12f83 read 0x0003ffbc, x31 (t6) <= 0x00000000
       438 00000130 05010113 x02 (sp) <= 0x00040000
       439 00000134 30200073
       442 0000005e 10410413 x08 (s0(fp)) <= 0x00040104
       445 00000040 0400006f x00 (zero) <= 0x00000044
       448 00000080 fb010113 x02 (sp) <= 0x0003ffb0
       449 00000084 04112623 write 0x0003fffc <= 0x00000038
       450 00000088 04512423 write 0x0003fff8 <= 0x00020014
       451 0000008c 04612223 write 0x0003fff4 <= 0x00020014
       452 00000090 04712023 write 0x0003fff0 <= 0x00000000
       453 00000094 02812e23 write 0x0003ffec <= 0x00040104
       454 00000098 02a12c23 write 0x0003ffe8 <= 0x00000000
       455 0000009c 02b12a23 write 0x0003ffe4 <= 0x00000000
       456 000000a0 02c12823 write 0x0003ffe0 <= 0x00000000
       457 000000a4 02d12623 write 0x0003ffdc <= 0x00000000
       458 000000a8 02e12423 write 0x0003ffd8 <= 0x00000000
       459 000000ac 02f12223 write 0x0003ffd4 <= 0x00000000
       460 000000b0 03012023 write 0x0003ffd0 <= 0x00000000
       461 000000b4 01112e23 write 0x0003ffcc <= 0x00000000
       462 000000b8 01c12c23 write 0x0003ffc8 <= 0x00000000
       463 000000bc 01d12a23 write 0x0003ffc4 <= 0x00000000
       464 000000c0 01e12823 write 0x0003ffc0 <= 0x00000000
       465 000000c4 01f12623 write 0x0003ffbc <= 0x00000000
       466 000000c8 05010413 x08 (s0(fp)) <= 0x00040000
       467 000000cc 00000793 x15 (a5) <= 0x00000000
       468 000000d0 00078863
       471 000000e0 34102f73 x30 (t5) <= 0x0000005e
       472 000000e4 004f0f13 x30 (t5) <= 0x00000062
       473 000000e8 341f1073 x00 (zero) <= 0x0000005e
       474 000000ec 04c12083 read 0x0003fffc, x01 (ra) <= 0x00000038
       475 000000f0 04812283 read 0x0003fff8, x05 (t0) <= 0x00020014
       476 000000f4 04412303 read 0x0003fff4, x06 (t1) <= 0x00020014
       477 000000f8 04012383 read 0x0003fff0, x07 (t2) <= 0x00000000
       478 000000fc 03c12403 read 0x0003ffec, x08 (s0(fp)) <= 0x00040104
       479 00000100 03812503 read 0x0003ffe8, x10 (a0) <= 0x00000000
       480 00000104 03412583 read 0x0003ffe4, x11 (a1) <= 0x00000000
       481 00000108 03012603 read 0x0003ffe0, x12 (a2) <= 0x00000000
       482 0000010c 02c12683 read 0x0003ffdc, x13 (a3) <= 0x00000000
       483 00000110 02812703 read 0x0003ffd8, x14 (a4) <= 0x00000000
       484 00000114 02412783 read 0x0003ffd4, x15 (a5) <= 0x00000000
       485 00000118 02012803 read 0x0003ffd0, x16 (a6) <= 0x00000000
       486 0000011c 01c12883 read 0x0003ffcc, x17 (a7) <= 0x00000000
       487 00000120 01812e03 read 0x0003ffc8, x28 (t3) <= 0x00000000
       488 00000124 01412e83 read 0x0003ffc4, x29 (t4) <= 0x00000000
       489 00000128 01012f03 read 0x0003ffc0, x30 (t5) <= 0x00000000
       490 0000012c 00c12f83 read 0x0003ffbc, x31 (t6) <= 0x00000000
       491 00000130 05010113 x02 (sp) <= 0x00040000
       492 00000134 30200073
       495 00000062 04112623 write 0x0004004c <= 0x00000038
