         1 00000000 00000297 x05 (t0) <= 0x00000000
         2 00000004 05028293 x05 (t0) <= 0x00000050
         3 00000008 30529073 x00 (zero) <= 0x00000000
         4 0000000c 3050e073 x00 (zero) <= 0x00000050
         5 00000010 00020297 x05 (t0) <= 0x00020010
         6 00000014 00028293 x05 (t0) <= 0x00020010
         7 00000018 00020317 x06 (t1) <= 0x00020018
         8 0000001c ffc30313 x06 (t1) <= 0x00020014
         9 00000020 0002a023 write 0x00020010 <= 0x00000000
        10 00000024 00428293 x05 (t0) <= 0x00020014
        11 00000028 fe62ece3
        12 0000002c 00040117 x02 (sp) <= 0x0004002c
        13 00000030 fd410113 x02 (sp) <= 0x00040000
        14 00000034 008000ef x01 (ra) <= 0x00000038
        17 0000003c 00030313 x06 (t1) <= 0x00020014
        18 00000040 00008067 x00 (zero) <= 0x00000044
        21 00000038 3240006f x00 (zero) <= 0x0000003c
        24 0000035c 0ff57793 x15 (a5) <= 0x00000000
        25 00000360 90000737 x14 (a4) <= 0x90000000
        26 00000364 02f70623 write 0x9000002c <= 0x00000000
